[debug] [2025-04-04T15:16:08.001Z] ----------------------------------------------------------------------
[debug] [2025-04-04T15:16:08.004Z] Command:       C:\Program Files\nodejs\node.exe C:\Users\LENOVO\AppData\Roaming\npm\node_modules\firebase-tools\lib\bin\firebase.js init functions
[debug] [2025-04-04T15:16:08.005Z] CLI Version:   14.1.0
[debug] [2025-04-04T15:16:08.005Z] Platform:      win32
[debug] [2025-04-04T15:16:08.005Z] Node Version:  v22.14.0
[debug] [2025-04-04T15:16:08.005Z] Time:          Fri Apr 04 2025 22:16:08 GMT+0700 (Western Indonesia Time)
[debug] [2025-04-04T15:16:08.005Z] ----------------------------------------------------------------------
[debug] 
[debug] [2025-04-04T15:16:08.009Z] >>> [apiv2][query] GET https://firebase-public.firebaseio.com/cli.json [none]
[debug] [2025-04-04T15:16:08.068Z] > command requires scopes: ["email","openid","https://www.googleapis.com/auth/cloudplatformprojects.readonly","https://www.googleapis.com/auth/firebase","https://www.googleapis.com/auth/cloud-platform"]
[debug] [2025-04-04T15:16:08.068Z] > authorizing via signed-in user (ryandavidson1108@gmail.com)
[info] 
     ######## #### ########  ######## ########     ###     ######  ########
     ##        ##  ##     ## ##       ##     ##  ##   ##  ##       ##
     ######    ##  ########  ######   ########  #########  ######  ######
     ##        ##  ##    ##  ##       ##     ## ##     ##       ## ##
     ##       #### ##     ## ######## ########  ##     ##  ######  ########

You're about to initialize a Firebase project in this directory:

  C:\Users\LENOVO\OneDrive\Documents\Astha Project\fitur\fitur3_sheeka

[debug] [2025-04-04T15:16:08.677Z] <<< [apiv2][status] GET https://firebase-public.firebaseio.com/cli.json 200
[debug] [2025-04-04T15:16:08.677Z] <<< [apiv2][body] GET https://firebase-public.firebaseio.com/cli.json {"cloudBuildErrorAfter":1594252800000,"cloudBuildWarnAfter":1590019200000,"defaultNode10After":1594252800000,"minVersion":"3.0.5","node8DeploysDisabledAfter":1613390400000,"node8RuntimeDisabledAfter":1615809600000,"node8WarnAfter":1600128000000}
[info] 
=== Project Setup
[info] 
[info] First, let's associate this project directory with a Firebase project.
[info] You can create multiple project aliases by running firebase use --add, 
[info] but for now we'll just set up a default project.
[info] 
